SH SERIES C/C++ Compiler (Ver. 6.0C)                                                                 08-Jun-2023 16:40:43  PAGE    1

************ OBJECT LISTING ************

FILE NAME: C:\Users\Ceddy D\Documents\CASIO\fx-9860G SDK\ENGINE\main.c

SCT OFFSET   CODE       C LABEL     INSTRUCTION OPERAND    COMMENT

          main.c     1    #include "fxlib.h"
          main.c     2    #include "SH4_compatibility.h"
          main.c     3    
          main.c     4    #include "toast_engine.h"
          main.c     5    
          main.c     6    int getkey(void);       // not used
          main.c     7    void system_menu(void);
          main.c     8    
          main.c     9    // For sprite testing
          main.c    10    const int debugSprite1[] =
          main.c    11    {
          main.c    12    8,8,
          main.c    13    1,1,1,1,0,0,0,0,
          main.c    14    1,1,1,1,0,0,0,0,
          main.c    15    1,1,1,1,0,0,0,0,
          main.c    16    1,1,1,1,0,0,0,0,
          main.c    17    0,0,0,0,1,1,1,1,
          main.c    18    0,0,0,0,1,1,1,1,
          main.c    19    0,0,0,0,1,1,1,1,
          main.c    20    0,0,0,0,1,1,1,1
          main.c    21    };
          main.c    22    const int debugSprite2[] =
          main.c    23    {
          main.c    24    8,8,
          main.c    25    1,1,1,1,0,1,1,1,
          main.c    26    1,1,1,1,0,0,0,1,
          main.c    27    1,1,1,1,0,0,0,1,
          main.c    28    1,1,1,1,0,0,0,0,
          main.c    29    0,0,0,0,1,1,1,1,
          main.c    30    0,0,0,0,1,1,1,1,
          main.c    31    0,0,0,0,1,1,1,1,
          main.c    32    0,0,0,0,1,1,1,1
          main.c    33    };
          main.c    34    const int debugSprite3[] =
          main.c    35    {
          main.c    36    8,8,
          main.c    37    1,1,1,1,1,1,1,1,
          main.c    38    1,1,1,1,1,1,1,1,
          main.c    39    1,1,3,3,3,3,1,1,
          main.c    40    1,1,3,3,3,3,1,1,
          main.c    41    1,1,3,3,3,3,1,1,
          main.c    42    1,1,3,3,3,3,1,1,
          main.c    43    1,1,1,1,1,1,1,1,
          main.c    44    1,1,1,1,1,1,1,1
          main.c    45    };
          main.c    46    const int debugMap1[] =
          main.c    47    {
          main.c    48    8,4,
          main.c    49    2,2,2,2,2,2,2,2,
          main.c    50    0,0,0,0,0,0,0,0,
          main.c    51    -1,-1,-1,-1,-1,-1,-1,-1,
          main.c    52    1,1,1,1,1,1,1,1
          main.c    53    };
          main.c    54    




SH SERIES C/C++ Compiler (Ver. 6.0C)                                                                 08-Jun-2023 16:40:43  PAGE    2


SCT OFFSET   CODE       C LABEL     INSTRUCTION OPERAND    COMMENT

          main.c    55    int AddIn_main(int isAppli, unsigned short OptionNum)
P   00000000              _AddIn_main:                     ; function: AddIn_main
                                                           ; frame size=184
                                                           ; used runtime library name:
                                                           ; __quick_odd_mvn
          main.c    56    {
          main.c    57            Sprite s1, s2, s3;
          main.c    58            Tileset tset;
          main.c    59            Tilemap tmap;
          main.c    60            Camera c;
          main.c    61            
          main.c    62            c.x = 0;
          main.c    63            c.y = 0;
          main.c    64            
          main.c    65            Init_Sprite(&s1, debugSprite1);
    00000000 DD39                   MOV.L       L335+4,R13 ; _Init_Sprite
    00000002 7FA8                   ADD         #-88,R15
    00000004 D539                   MOV.L       L335+8,R5  ; _debugSprite1
    00000006 E400                   MOV         #0,R4
    00000008 6EF3                   MOV         R15,R14
    0000000A 2E42                   MOV.L       R4,@R14
    0000000C 1E41                   MOV.L       R4,@(4,R14)
    0000000E 64F3                   MOV         R15,R4
    00000010 4D0B                   JSR         @R13
    00000012 744C                   ADD         #76,R4
          main.c    66            Init_Sprite(&s2, debugSprite2);
    00000014 D536                   MOV.L       L335+12,R5 ; _debugSprite2
    00000016 64F3                   MOV         R15,R4
    00000018 4D0B                   JSR         @R13
    0000001A 7440                   ADD         #64,R4
          main.c    67            Init_Sprite(&s3, debugSprite3);
    0000001C D535                   MOV.L       L335+16,R5 ; _debugSprite3
    0000001E 64F3                   MOV         R15,R4
    00000020 4D0B                   JSR         @R13
    00000022 7434                   ADD         #52,R4
          main.c    68            Init_Tileset(&tset, 3,s1,s2,s3);
    00000024 D334                   MOV.L       L335+20,R3 ; __quick_odd_mvn
    00000026 62F3                   MOV         R15,R2
    00000028 7234                   ADD         #52,R2
    0000002A E00C                   MOV         #12,R0
    0000002C 3F08                   SUB         R0,R15
    0000002E 430B                   JSR         @R3
    00000030 61F3                   MOV         R15,R1
    00000032 62F3                   MOV         R15,R2
    00000034 D330                   MOV.L       L335+20,R3 ; __quick_odd_mvn
    00000036 E00C                   MOV         #12,R0
    00000038 724C                   ADD         #76,R2
    0000003A 3F08                   SUB         R0,R15
    0000003C 430B                   JSR         @R3
    0000003E 61F3                   MOV         R15,R1
    00000040 D32D                   MOV.L       L335+20,R3 ; __quick_odd_mvn
    00000042 62F3                   MOV         R15,R2
    00000044 7264                   ADD         #100,R2
    00000046 E00C                   MOV         #12,R0
    00000048 3F08                   SUB         R0,R15
    0000004A 430B                   JSR         @R3
    0000004C 61F3                   MOV         R15,R1




SH SERIES C/C++ Compiler (Ver. 6.0C)                                                                 08-Jun-2023 16:40:43  PAGE    3


SCT OFFSET   CODE       C LABEL     INSTRUCTION OPERAND    COMMENT

    0000004E E203                   MOV         #3,R2
    00000050 D32A                   MOV.L       L335+24,R3 ; _Init_Tileset
    00000052 2F26                   MOV.L       R2,@-R15
    00000054 64F3                   MOV         R15,R4
    00000056 430B                   JSR         @R3
    00000058 7458                   ADD         #88,R4
          main.c    69            Init_Tilemap(&tmap, tset, debugMap1);
    0000005A E058                   MOV         #88,R0
    0000005C D528                   MOV.L       L335+28,R5 ; _debugMap1
    0000005E 02FE                   MOV.L       @(R0,R15),R2
    00000060 D328                   MOV.L       L335+32,R3 ; _Init_Tilemap
    00000062 2F26                   MOV.L       R2,@-R15
    00000064 64F3                   MOV         R15,R4
    00000066 430B                   JSR         @R3
    00000068 7438                   ADD         #56,R4
          main.c    70            
          main.c    71            Bdisp_AllClr_DDVRAM();
    0000006A D227                   MOV.L       L335+36,R2 ; _Bdisp_AllClr_DDVRAM
    0000006C 420B                   JSR         @R2
    0000006E 7F2C                   ADD         #44,R15
    00000070 D826                   MOV.L       L335+40,R8 ; _Bdisp_AllClr_VRAM
    00000072 EC64                   MOV         #100,R12
    00000074 DD28                   MOV.L       L335+52,R13; _Draw_Tilemap
    00000076 D926                   MOV.L       L335+44,R9 ; _system_menu
    00000078 DA26                   MOV.L       L335+48,R10; _KeyDown
    0000007A 9B33                   MOV.W       L335,R11   ; H'0190
          main.c    72            
          main.c    73            while(1)
    0000007C              L331:                             
          main.c    74            {
          main.c    75                    if (IsKeyDown(KEY_CTRL_MENU)) system_menu();
    0000007C 4A0B                   JSR         @R10
    0000007E E430                   MOV         #48,R4
    00000080 600C                   EXTU.B      R0,R0
    00000082 2008                   TST         R0,R0
    00000084 8901                   BT          L332
    00000086 490B                   JSR         @R9
    00000088 0009                   NOP
    0000008A              L332:                             
          main.c    76                    
          main.c    77                    Bdisp_AllClr_VRAM();
    0000008A 480B                   JSR         @R8
    0000008C 0009                   NOP
          main.c    78                    
          main.c    79                    c.scale = 100;
          main.c    80                    Draw_Tilemap(tmap, c);
    0000008E 62E3                   MOV         R14,R2
    00000090 D319                   MOV.L       L335+20,R3 ; __quick_odd_mvn
    00000092 E00C                   MOV         #12,R0
    00000094 1EC2                   MOV.L       R12,@(8,R14)
    00000096 3F08                   SUB         R0,R15
    00000098 430B                   JSR         @R3
    0000009A 61F3                   MOV         R15,R1
    0000009C D316                   MOV.L       L335+20,R3 ; __quick_odd_mvn
    0000009E 62F3                   MOV         R15,R2
    000000A0 7218                   ADD         #24,R2
    000000A2 E024                   MOV         #36,R0




SH SERIES C/C++ Compiler (Ver. 6.0C)                                                                 08-Jun-2023 16:40:43  PAGE    4


SCT OFFSET   CODE       C LABEL     INSTRUCTION OPERAND    COMMENT

    000000A4 3F08                   SUB         R0,R15
    000000A6 430B                   JSR         @R3
    000000A8 61F3                   MOV         R15,R1
    000000AA 4D0B                   JSR         @R13
    000000AC 0009                   NOP
          main.c    81                    c.scale = 400;
          main.c    82                    Draw_Tilemap(tmap, c);
    000000AE 62E3                   MOV         R14,R2
    000000B0 D311                   MOV.L       L335+20,R3 ; __quick_odd_mvn
    000000B2 E00C                   MOV         #12,R0
    000000B4 1EB2                   MOV.L       R11,@(8,R14)
    000000B6 3F08                   SUB         R0,R15
    000000B8 430B                   JSR         @R3
    000000BA 61F3                   MOV         R15,R1
    000000BC D30E                   MOV.L       L335+20,R3 ; __quick_odd_mvn
    000000BE 62F3                   MOV         R15,R2
    000000C0 7248                   ADD         #72,R2
    000000C2 E024                   MOV         #36,R0
    000000C4 3F08                   SUB         R0,R15
    000000C6 430B                   JSR         @R3
    000000C8 61F3                   MOV         R15,R1
    000000CA 4D0B                   JSR         @R13
    000000CC 0009                   NOP
          main.c    83                    
          main.c    84                    Bdisp_AllClr_DD();
    000000CE D213                   MOV.L       L335+56,R2 ; _Bdisp_AllClr_DD
    000000D0 420B                   JSR         @R2
    000000D2 7F60                   ADD         #96,R15
          main.c    85                    Bdisp_PutDisp_DD();
    000000D4 D112                   MOV.L       L335+60,R1 ; _Bdisp_PutDisp_DD
    000000D6 410B                   JSR         @R1
    000000D8 0009                   NOP
          main.c    86                    Sleep(5);
    000000DA D312                   MOV.L       L335+64,R3 ; _Sleep
    000000DC 430B                   JSR         @R3
    000000DE E405                   MOV         #5,R4
    000000E0 AFCC                   BRA         L331
    000000E2 0009                   NOP
    000000E4              L335:                             
    000000E4 0190                   .DATA.W     H'0190
    000000E6 0000                   .DATA.W     0
    000000E8 <00000000>             .DATA.L     _Init_Sprite
    000000EC <00000000>             .DATA.L     _debugSprite1
    000000F0 <00000000>             .DATA.L     _debugSprite2
    000000F4 <00000000>             .DATA.L     _debugSprite3
    000000F8 <00000000>             .DATA.L     __quick_odd_mvn
    000000FC <00000000>             .DATA.L     _Init_Tileset
    00000100 <00000000>             .DATA.L     _debugMap1
    00000104 <00000000>             .DATA.L     _Init_Tilemap
    00000108 <00000000>             .DATA.L     _Bdisp_AllClr_DDVRAM
    0000010C <00000000>             .DATA.L     _Bdisp_AllClr_VRAM
    00000110 <00000000>             .DATA.L     _system_menu
    00000114 <00000000>             .DATA.L     _KeyDown
    00000118 <00000000>             .DATA.L     _Draw_Tilemap
    0000011C <00000000>             .DATA.L     _Bdisp_AllClr_DD
    00000120 <00000000>             .DATA.L     _Bdisp_PutDisp_DD
    00000124 <00000000>             .DATA.L     _Sleep




SH SERIES C/C++ Compiler (Ver. 6.0C)                                                                 08-Jun-2023 16:40:43  PAGE    5


SCT OFFSET   CODE       C LABEL     INSTRUCTION OPERAND    COMMENT

          main.c    87            }
          main.c    88            return 0;
          main.c    89    }
          main.c    90    
          main.c    91    #pragma section _BR_Size
          main.c    92    unsigned long BR_Size;
          main.c    93    #pragma section
          main.c    94    
          main.c    95    #pragma section _TOP
          main.c    96    int InitializeSystem(int isAppli, unsigned short OptionNum)
P_T 00000000              _InitializeSystem:               ; function: InitializeSystem
                                                           ; frame size=0
          main.c    97    {
          main.c    98        return INIT_ADDIN_APPLICATION(isAppli, OptionNum);
    00000000 D301                   MOV.L       L336+2,R3  ; _INIT_ADDIN_APPLICATION
    00000002 432B                   JMP         @R3
    00000004 0009                   NOP
    00000006              L336:                             
    00000006 0000                   .DATA.W     0
    00000008 <00000000>             .DATA.L     _INIT_ADDIN_APPLICATION
          main.c    99    }
          main.c   100    #pragma section
          main.c   101    
C   00000000              _debugSprite1:                   ; static: debugSprite1
    00000000 0000000800             .DATA.L     H'00000008,H'00000008,H'00000001,H'00000001,H'00000001,H'00000001,H'00000000,
             0000080000 +                       H'00000000,H'00000000,H'00000000,H'00000001,H'00000001,H'00000001,H'00000001,
             0001000000 +                       H'00000000,H'00000000,H'00000000,H'00000000,H'00000001,H'00000001,H'00000001,
             0100000001 +                       H'00000001,H'00000000,H'00000000,H'00000000,H'00000000,H'00000001,H'00000001,
             0000000100 +                       H'00000001,H'00000001,H'00000000,H'00000000,H'00000000,H'00000000,H'00000000,
             0000000000 +                       H'00000000,H'00000000,H'00000000,H'00000001,H'00000001,H'00000001,H'00000001,
             0000000000 +                       H'00000000,H'00000000,H'00000000,H'00000000,H'00000001,H'00000001,H'00000001,
             0000000000 +                       H'00000001,H'00000000,H'00000000,H'00000000,H'00000000,H'00000001,H'00000001,
             0000000100 +                       H'00000001,H'00000001,H'00000000,H'00000000,H'00000000,H'00000000,H'00000001,
             0000010000 +                       H'00000001,H'00000001,H'00000001
             0001000000   
             0100000000   
             0000000000   
             0000000000   
             0000000000   
             0100000001   
             0000000100   
             0000010000   
             0000000000   
             0000000000   
             0000000000   
             0000010000   
             0001000000   
             0100000001   
             0000000000   
             0000000000   
             0000000000   
             0000000000   
             0000000000   
             0000000000   
             0000000000   
             0100000001   
             0000000100   




SH SERIES C/C++ Compiler (Ver. 6.0C)                                                                 08-Jun-2023 16:40:43  PAGE    6


SCT OFFSET   CODE       C LABEL     INSTRUCTION OPERAND    COMMENT

             0000010000   
             0000000000   
             0000000000   
             0000000000   
             0000010000   
             0001000000   
             0100000001   
             0000000000   
             0000000000   
             0000000000   
             0000000001   
             0000000100   
             0000010000   
             0001000000   
             0000000000   
             0000000000   
             0000000000   
             0001000000   
             0100000001   
             00000001     
    00000108              _debugSprite2:                   ; static: debugSprite2
    00000108 0000000800             .DATA.L     H'00000008,H'00000008,H'00000001,H'00000001,H'00000001,H'00000001,H'00000000,
             0000080000 +                       H'00000001,H'00000001,H'00000001,H'00000001,H'00000001,H'00000001,H'00000001,
             0001000000 +                       H'00000000,H'00000000,H'00000000,H'00000001,H'00000001,H'00000001,H'00000001,
             0100000001 +                       H'00000001,H'00000000,H'00000000,H'00000000,H'00000001,H'00000001,H'00000001,
             0000000100 +                       H'00000001,H'00000001,H'00000000,H'00000000,H'00000000,H'00000000,H'00000000,
             0000000000 +                       H'00000000,H'00000000,H'00000000,H'00000001,H'00000001,H'00000001,H'00000001,
             0001000000 +                       H'00000000,H'00000000,H'00000000,H'00000000,H'00000001,H'00000001,H'00000001,
             0100000001 +                       H'00000001,H'00000000,H'00000000,H'00000000,H'00000000,H'00000001,H'00000001,
             0000000100 +                       H'00000001,H'00000001,H'00000000,H'00000000,H'00000000,H'00000000,H'00000001,
             0000010000 +                       H'00000001,H'00000001,H'00000001
             0001000000   
             0100000000   
             0000000000   
             0000000000   
             0001000000   
             0100000001   
             0000000100   
             0000010000   
             0000000000   
             0000000000   
             0000000100   
             0000010000   
             0001000000   
             0100000001   
             0000000000   
             0000000000   
             0000000000   
             0000000000   
             0000000000   
             0000000000   
             0000000000   
             0100000001   
             0000000100   
             0000010000   
             0000000000   
             0000000000   




SH SERIES C/C++ Compiler (Ver. 6.0C)                                                                 08-Jun-2023 16:40:43  PAGE    7


SCT OFFSET   CODE       C LABEL     INSTRUCTION OPERAND    COMMENT

             0000000000   
             0000010000   
             0001000000   
             0100000001   
             0000000000   
             0000000000   
             0000000000   
             0000000001   
             0000000100   
             0000010000   
             0001000000   
             0000000000   
             0000000000   
             0000000000   
             0001000000   
             0100000001   
             00000001     
    00000210              _debugSprite3:                   ; static: debugSprite3
    00000210 0000000800             .DATA.L     H'00000008,H'00000008,H'00000001,H'00000001,H'00000001,H'00000001,H'00000001,
             0000080000 +                       H'00000001,H'00000001,H'00000001,H'00000001,H'00000001,H'00000001,H'00000001,
             0001000000 +                       H'00000001,H'00000001,H'00000001,H'00000001,H'00000001,H'00000001,H'00000003,
             0100000001 +                       H'00000003,H'00000003,H'00000003,H'00000001,H'00000001,H'00000001,H'00000001,
             0000000100 +                       H'00000003,H'00000003,H'00000003,H'00000003,H'00000001,H'00000001,H'00000001,
             0000010000 +                       H'00000001,H'00000003,H'00000003,H'00000003,H'00000003,H'00000001,H'00000001,
             0001000000 +                       H'00000001,H'00000001,H'00000003,H'00000003,H'00000003,H'00000003,H'00000001,
             0100000001 +                       H'00000001,H'00000001,H'00000001,H'00000001,H'00000001,H'00000001,H'00000001,
             0000000100 +                       H'00000001,H'00000001,H'00000001,H'00000001,H'00000001,H'00000001,H'00000001,
             0000010000 +                       H'00000001,H'00000001,H'00000001
             0001000000   
             0100000001   
             0000000100   
             0000010000   
             0001000000   
             0100000001   
             0000000300   
             0000030000   
             0003000000   
             0300000001   
             0000000100   
             0000010000   
             0001000000   
             0300000003   
             0000000300   
             0000030000   
             0001000000   
             0100000001   
             0000000100   
             0000030000   
             0003000000   
             0300000003   
             0000000100   
             0000010000   
             0001000000   
             0100000003   
             0000000300   
             0000030000   
             0003000000   




SH SERIES C/C++ Compiler (Ver. 6.0C)                                                                 08-Jun-2023 16:40:43  PAGE    8


SCT OFFSET   CODE       C LABEL     INSTRUCTION OPERAND    COMMENT

             0100000001   
             0000000100   
             0000010000   
             0001000000   
             0100000001   
             0000000100   
             0000010000   
             0001000000   
             0100000001   
             0000000100   
             0000010000   
             0001000000   
             0100000001   
             00000001     
    00000318              _debugMap1:                      ; static: debugMap1
    00000318 0000000800             .DATA.L     H'00000008,H'00000004,H'00000002,H'00000002,H'00000002,H'00000002,H'00000002,
             0000040000 +                       H'00000002,H'00000002,H'00000002,H'00000000,H'00000000,H'00000000,H'00000000,
             0002000000 +                       H'00000000,H'00000000,H'00000000,H'00000000,H'FFFFFFFF,H'FFFFFFFF,H'FFFFFFFF,
             0200000002 +                       H'FFFFFFFF,H'FFFFFFFF,H'FFFFFFFF,H'FFFFFFFF,H'FFFFFFFF,H'00000001,H'00000001,
             0000000200 +                       H'00000001,H'00000001,H'00000001,H'00000001,H'00000001,H'00000001
             0000020000   
             0002000000   
             0200000002   
             0000000000   
             0000000000   
             0000000000   
             0000000000   
             0000000000   
             0000000000   
             0000FFFFFF   
             FFFFFFFFFF   
             FFFFFFFFFF   
             FFFFFFFFFF   
             FFFFFFFFFF   
             FFFFFFFFFF   
             FFFFFFFF00   
             0000010000   
             0001000000   
             0100000001   
             0000000100   
             0000010000   
             0001000000   
             01           
B_B 00000000              _BR_Size:                        ; static: BR_Size
    00000000 00000004               .RES.L      1
















SH SERIES C/C++ Compiler (Ver. 6.0C)                                                                 08-Jun-2023 16:40:43  PAGE    1


******** STATISTICS INFORMATION ********


********** ERROR INFORMATION ***********

NUMBER OF ERRORS:           0
NUMBER OF WARNINGS:        49




******* SOURCE LINE INFORMATION ********

COMPILED SOURCE LINE:      101



******* SECTION SIZE INFORMATION *******

PROGRAM  SECTION (P):                               00000128 Byte(s)
PROGRAM  SECTION (P_BR_Size):                       00000000 Byte(s)
PROGRAM  SECTION (P_TOP):                           0000000C Byte(s)
CONSTANT SECTION (C):                               000003A0 Byte(s)
CONSTANT SECTION (C_BR_Size):                       00000000 Byte(s)
CONSTANT SECTION (C_TOP):                           00000000 Byte(s)
DATA     SECTION (D):                               00000000 Byte(s)
DATA     SECTION (D_BR_Size):                       00000000 Byte(s)
DATA     SECTION (D_TOP):                           00000000 Byte(s)
BSS      SECTION (B):                               00000000 Byte(s)
BSS      SECTION (B_BR_Size):                       00000004 Byte(s)
BSS      SECTION (B_TOP):                           00000000 Byte(s)

 TOTAL PROGRAM SIZE: 000004D8 Byte(s)



********** LABEL INFORMATION ***********

NUMBER OF EXTERNAL REFERENCE SYMBOLS:           13
NUMBER OF EXTERNAL DEFINITION SYMBOLS:           7
NUMBER OF INTERNAL/EXTERNAL SYMBOLS:            24






















*** COMMAND PARAMETER ***


  -subcommand=C:\Users\CEDDYD~1\AppData\Local\Temp\hmkF3BA.tmp 

